<?xml version="1.0" encoding="UTF-8"?>
<!-- Generated by org.testng.reporters.JUnitReportReporter -->
<testsuite skipped="0" hostname="Rizwan" name="testCases.LoginApp" tests="1" failures="0" timestamp="2021-08-23T03:14:48 IST" time="21.039" errors="0">
  <testcase name="logIn" time="21.039" classname="testCases.LoginApp"/>
  <system-out/>
</testsuite> <!-- testCases.LoginApp -->
